<?xml version="1.0" encoding="UTF-8"?>
<testsuite name="ca.bcit.comp2522.labs.lab05.TreeCollectionTest" tests="1" skipped="0" failures="0" errors="0" timestamp="2023-02-02T08:18:28" hostname="DESKTOP-83Q2JGJ" time="0.021">
  <properties/>
  <testcase name="TestExample()" classname="ca.bcit.comp2522.labs.lab05.TreeCollectionTest" time="0.021"/>
  <system-out><![CDATA[]]></system-out>
  <system-err><![CDATA[]]></system-err>
</testsuite>
