<?xml version="1.0" encoding="UTF-8"?>
<testsuite name="org.space.invader.InvaderTest" tests="1" skipped="0" failures="0" errors="0" timestamp="2023-04-01T01:53:14" hostname="DESKTOP-VBIG44T" time="0.223">
  <properties/>
  <testcase name="testMoveMissileInvader()" classname="org.space.invader.InvaderTest" time="0.223"/>
  <system-out><![CDATA[]]></system-out>
  <system-err><![CDATA[]]></system-err>
</testsuite>
