<?xml version="1.0" encoding="UTF-8"?>
<testsuite name="org.space.invader.InvaderTest" tests="6" skipped="0" failures="0" errors="0" timestamp="2023-04-03T00:40:11" hostname="DESKTOP-4E6D0TP" time="0.363">
  <properties/>
  <testcase name="testInvaderManager()" classname="org.space.invader.InvaderTest" time="0.015"/>
  <testcase name="testTouchRightBorder()" classname="org.space.invader.InvaderTest" time="0.005"/>
  <testcase name="testTouchLeftBorder()" classname="org.space.invader.InvaderTest" time="0.004"/>
  <testcase name="testInvaderTurnAndLower()" classname="org.space.invader.InvaderTest" time="0.004"/>
  <testcase name="testMoveMissileInvader()" classname="org.space.invader.InvaderTest" time="0.311"/>
  <testcase name="testInvaderImage()" classname="org.space.invader.InvaderTest" time="0.004"/>
  <system-out><![CDATA[17:40:11.525 [cluster-ClusterId{value='642a206ba44d703090042ea5', description='null'}-srv-cluster0.scdg1au.mongodb.net] INFO org.mongodb.driver.cluster - Adding discovered server ac-qu7hkgp-shard-00-00.scdg1au.mongodb.net:27017 to client view of cluster
17:40:11.535 [Test worker] INFO org.mongodb.driver.client - MongoClient with metadata {"driver": {"name": "mongo-java-driver|sync", "version": "4.9.0"}, "os": {"type": "Windows", "name": "Windows 11", "architecture": "amd64", "version": "10.0"}, "platform": "Java/JetBrains s.r.o./17.0.6+1-b653.34"} created with settings MongoClientSettings{readPreference=primary, writeConcern=WriteConcern{w=majority, wTimeout=null ms, journal=null}, retryWrites=true, retryReads=true, readConcern=ReadConcern{level=null}, credential=MongoCredential{mechanism=null, userName='bzhou26', source='admin', password=<hidden>, mechanismProperties=<hidden>}, streamFactoryFactory=null, commandListeners=[], codecRegistry=ProvidersCodecRegistry{codecProviders=[ValueCodecProvider{}, BsonValueCodecProvider{}, DBRefCodecProvider{}, DBObjectCodecProvider{}, DocumentCodecProvider{}, CollectionCodecProvider{}, IterableCodecProvider{}, MapCodecProvider{}, GeoJsonCodecProvider{}, GridFSFileCodecProvider{}, Jsr310CodecProvider{}, JsonObjectCodecProvider{}, BsonCodecProvider{}, EnumCodecProvider{}, com.mongodb.client.model.mql.ExpressionCodecProvider@48f5bde6, com.mongodb.Jep395RecordCodecProvider@525d79f0]}, loggerSettings=LoggerSettings{maxDocumentLength=1000}, clusterSettings={hosts=[127.0.0.1:27017], srvHost=cluster0.scdg1au.mongodb.net, srvServiceName=mongodb, mode=MULTIPLE, requiredClusterType=REPLICA_SET, requiredReplicaSetName='atlas-7kbelq-shard-0', serverSelector='null', clusterListeners='[]', serverSelectionTimeout='30000 ms', localThreshold='30000 ms'}, socketSettings=SocketSettings{connectTimeoutMS=10000, readTimeoutMS=0, receiveBufferSize=0, sendBufferSize=0}, heartbeatSocketSettings=SocketSettings{connectTimeoutMS=10000, readTimeoutMS=10000, receiveBufferSize=0, sendBufferSize=0}, connectionPoolSettings=ConnectionPoolSettings{maxSize=100, minSize=0, maxWaitTimeMS=120000, maxConnectionLifeTimeMS=0, maxConnectionIdleTimeMS=0, maintenanceInitialDelayMS=0, maintenanceFrequencyMS=60000, connectionPoolListeners=[], maxConnecting=2}, serverSettings=ServerSettings{heartbeatFrequencyMS=10000, minHeartbeatFrequencyMS=500, serverListeners='[]', serverMonitorListeners='[]'}, sslSettings=SslSettings{enabled=true, invalidHostNameAllowed=false, context=null}, applicationName='null', compressorList=[], uuidRepresentation=UNSPECIFIED, serverApi=ServerApi{version=V1, deprecationErrors=null, strict=null}, autoEncryptionSettings=null, contextProvider=null}
17:40:11.547 [cluster-ClusterId{value='642a206ba44d703090042ea5', description='null'}-srv-cluster0.scdg1au.mongodb.net] INFO org.mongodb.driver.cluster - Adding discovered server ac-qu7hkgp-shard-00-01.scdg1au.mongodb.net:27017 to client view of cluster
17:40:11.547 [cluster-ClusterId{value='642a206ba44d703090042ea5', description='null'}-srv-cluster0.scdg1au.mongodb.net] INFO org.mongodb.driver.cluster - Adding discovered server ac-qu7hkgp-shard-00-02.scdg1au.mongodb.net:27017 to client view of cluster
17:40:11.548 [cluster-ClusterId{value='642a206ba44d703090042ea5', description='null'}-srv-cluster0.scdg1au.mongodb.net] DEBUG org.mongodb.driver.cluster - Updating cluster description to  {type=REPLICA_SET, servers=[{address=ac-qu7hkgp-shard-00-01.scdg1au.mongodb.net:27017, type=UNKNOWN, state=CONNECTING}, {address=ac-qu7hkgp-shard-00-00.scdg1au.mongodb.net:27017, type=UNKNOWN, state=CONNECTING}, {address=ac-qu7hkgp-shard-00-02.scdg1au.mongodb.net:27017, type=UNKNOWN, state=CONNECTING}]
17:40:11.562 [Test worker] INFO org.mongodb.driver.client - MongoClient with metadata {"driver": {"name": "mongo-java-driver|sync", "version": "4.9.0"}, "os": {"type": "Windows", "name": "Windows 11", "architecture": "amd64", "version": "10.0"}, "platform": "Java/JetBrains s.r.o./17.0.6+1-b653.34"} created with settings MongoClientSettings{readPreference=primary, writeConcern=WriteConcern{w=majority, wTimeout=null ms, journal=null}, retryWrites=true, retryReads=true, readConcern=ReadConcern{level=null}, credential=MongoCredential{mechanism=null, userName='bzhou26', source='admin', password=<hidden>, mechanismProperties=<hidden>}, streamFactoryFactory=null, commandListeners=[], codecRegistry=ProvidersCodecRegistry{codecProviders=[ValueCodecProvider{}, BsonValueCodecProvider{}, DBRefCodecProvider{}, DBObjectCodecProvider{}, DocumentCodecProvider{}, CollectionCodecProvider{}, IterableCodecProvider{}, MapCodecProvider{}, GeoJsonCodecProvider{}, GridFSFileCodecProvider{}, Jsr310CodecProvider{}, JsonObjectCodecProvider{}, BsonCodecProvider{}, EnumCodecProvider{}, com.mongodb.client.model.mql.ExpressionCodecProvider@48f5bde6, com.mongodb.Jep395RecordCodecProvider@525d79f0]}, loggerSettings=LoggerSettings{maxDocumentLength=1000}, clusterSettings={hosts=[127.0.0.1:27017], srvHost=cluster0.scdg1au.mongodb.net, srvServiceName=mongodb, mode=MULTIPLE, requiredClusterType=REPLICA_SET, requiredReplicaSetName='atlas-7kbelq-shard-0', serverSelector='null', clusterListeners='[]', serverSelectionTimeout='30000 ms', localThreshold='30000 ms'}, socketSettings=SocketSettings{connectTimeoutMS=10000, readTimeoutMS=0, receiveBufferSize=0, sendBufferSize=0}, heartbeatSocketSettings=SocketSettings{connectTimeoutMS=10000, readTimeoutMS=10000, receiveBufferSize=0, sendBufferSize=0}, connectionPoolSettings=ConnectionPoolSettings{maxSize=100, minSize=0, maxWaitTimeMS=120000, maxConnectionLifeTimeMS=0, maxConnectionIdleTimeMS=0, maintenanceInitialDelayMS=0, maintenanceFrequencyMS=60000, connectionPoolListeners=[], maxConnecting=2}, serverSettings=ServerSettings{heartbeatFrequencyMS=10000, minHeartbeatFrequencyMS=500, serverListeners='[]', serverMonitorListeners='[]'}, sslSettings=SslSettings{enabled=true, invalidHostNameAllowed=false, context=null}, applicationName='null', compressorList=[], uuidRepresentation=UNSPECIFIED, serverApi=ServerApi{version=V1, deprecationErrors=null, strict=null}, autoEncryptionSettings=null, contextProvider=null}
17:40:11.570 [cluster-ClusterId{value='642a206ba44d703090042ea6', description='null'}-srv-cluster0.scdg1au.mongodb.net] INFO org.mongodb.driver.cluster - Adding discovered server ac-qu7hkgp-shard-00-00.scdg1au.mongodb.net:27017 to client view of cluster
17:40:11.571 [cluster-ClusterId{value='642a206ba44d703090042ea6', description='null'}-srv-cluster0.scdg1au.mongodb.net] INFO org.mongodb.driver.cluster - Adding discovered server ac-qu7hkgp-shard-00-01.scdg1au.mongodb.net:27017 to client view of cluster
17:40:11.571 [cluster-ClusterId{value='642a206ba44d703090042ea6', description='null'}-srv-cluster0.scdg1au.mongodb.net] INFO org.mongodb.driver.cluster - Adding discovered server ac-qu7hkgp-shard-00-02.scdg1au.mongodb.net:27017 to client view of cluster
17:40:11.572 [cluster-ClusterId{value='642a206ba44d703090042ea6', description='null'}-srv-cluster0.scdg1au.mongodb.net] DEBUG org.mongodb.driver.cluster - Updating cluster description to  {type=REPLICA_SET, servers=[{address=ac-qu7hkgp-shard-00-01.scdg1au.mongodb.net:27017, type=UNKNOWN, state=CONNECTING}, {address=ac-qu7hkgp-shard-00-00.scdg1au.mongodb.net:27017, type=UNKNOWN, state=CONNECTING}, {address=ac-qu7hkgp-shard-00-02.scdg1au.mongodb.net:27017, type=UNKNOWN, state=CONNECTING}]
]]></system-out>
  <system-err><![CDATA[]]></system-err>
</testsuite>
