<?xml version="1.0" encoding="UTF-8"?>
<testsuite name="org.space.invader.BarrierTest" tests="5" skipped="0" failures="0" errors="0" timestamp="2023-04-02T23:36:58" hostname="DESKTOP-VBIG44T" time="2.887">
  <properties/>
  <testcase name="misPlayerDestroyBarrierTest()" classname="org.space.invader.BarrierTest" time="2.881"/>
  <testcase name="testRemoveBricks()" classname="org.space.invader.BarrierTest" time="0.001"/>
  <testcase name="testInitBarrierArray()" classname="org.space.invader.BarrierTest" time="0.001"/>
  <testcase name="testFindBrick()" classname="org.space.invader.BarrierTest" time="0.0"/>
  <testcase name="testFindBarrierColumn()" classname="org.space.invader.BarrierTest" time="0.001"/>
  <system-out><![CDATA[16:36:58.406 [cluster-ClusterId{value='642a119a0a7e4c6422f25ae3', description='null'}-srv-cluster0.scdg1au.mongodb.net] INFO org.mongodb.driver.cluster - Adding discovered server ac-qu7hkgp-shard-00-00.scdg1au.mongodb.net:27017 to client view of cluster
16:36:58.431 [Test worker] INFO org.mongodb.driver.client - MongoClient with metadata {"driver": {"name": "mongo-java-driver|sync", "version": "4.9.0"}, "os": {"type": "Windows", "name": "Windows 11", "architecture": "amd64", "version": "10.0"}, "platform": "Java/JetBrains s.r.o./17.0.6+10-b829.5"} created with settings MongoClientSettings{readPreference=primary, writeConcern=WriteConcern{w=majority, wTimeout=null ms, journal=null}, retryWrites=true, retryReads=true, readConcern=ReadConcern{level=null}, credential=MongoCredential{mechanism=null, userName='bzhou26', source='admin', password=<hidden>, mechanismProperties=<hidden>}, streamFactoryFactory=null, commandListeners=[], codecRegistry=ProvidersCodecRegistry{codecProviders=[ValueCodecProvider{}, BsonValueCodecProvider{}, DBRefCodecProvider{}, DBObjectCodecProvider{}, DocumentCodecProvider{}, CollectionCodecProvider{}, IterableCodecProvider{}, MapCodecProvider{}, GeoJsonCodecProvider{}, GridFSFileCodecProvider{}, Jsr310CodecProvider{}, JsonObjectCodecProvider{}, BsonCodecProvider{}, EnumCodecProvider{}, com.mongodb.client.model.mql.ExpressionCodecProvider@5ebd56e9, com.mongodb.Jep395RecordCodecProvider@63f34b70]}, loggerSettings=LoggerSettings{maxDocumentLength=1000}, clusterSettings={hosts=[127.0.0.1:27017], srvHost=cluster0.scdg1au.mongodb.net, srvServiceName=mongodb, mode=MULTIPLE, requiredClusterType=REPLICA_SET, requiredReplicaSetName='atlas-7kbelq-shard-0', serverSelector='null', clusterListeners='[]', serverSelectionTimeout='30000 ms', localThreshold='30000 ms'}, socketSettings=SocketSettings{connectTimeoutMS=10000, readTimeoutMS=0, receiveBufferSize=0, sendBufferSize=0}, heartbeatSocketSettings=SocketSettings{connectTimeoutMS=10000, readTimeoutMS=10000, receiveBufferSize=0, sendBufferSize=0}, connectionPoolSettings=ConnectionPoolSettings{maxSize=100, minSize=0, maxWaitTimeMS=120000, maxConnectionLifeTimeMS=0, maxConnectionIdleTimeMS=0, maintenanceInitialDelayMS=0, maintenanceFrequencyMS=60000, connectionPoolListeners=[], maxConnecting=2}, serverSettings=ServerSettings{heartbeatFrequencyMS=10000, minHeartbeatFrequencyMS=500, serverListeners='[]', serverMonitorListeners='[]'}, sslSettings=SslSettings{enabled=true, invalidHostNameAllowed=false, context=null}, applicationName='null', compressorList=[], uuidRepresentation=UNSPECIFIED, serverApi=ServerApi{version=V1, deprecationErrors=null, strict=null}, autoEncryptionSettings=null, contextProvider=null}
16:36:58.446 [cluster-ClusterId{value='642a119a0a7e4c6422f25ae3', description='null'}-srv-cluster0.scdg1au.mongodb.net] INFO org.mongodb.driver.cluster - Adding discovered server ac-qu7hkgp-shard-00-01.scdg1au.mongodb.net:27017 to client view of cluster
16:36:58.447 [cluster-ClusterId{value='642a119a0a7e4c6422f25ae3', description='null'}-srv-cluster0.scdg1au.mongodb.net] INFO org.mongodb.driver.cluster - Adding discovered server ac-qu7hkgp-shard-00-02.scdg1au.mongodb.net:27017 to client view of cluster
16:36:58.449 [cluster-ClusterId{value='642a119a0a7e4c6422f25ae3', description='null'}-srv-cluster0.scdg1au.mongodb.net] DEBUG org.mongodb.driver.cluster - Updating cluster description to  {type=REPLICA_SET, servers=[{address=ac-qu7hkgp-shard-00-01.scdg1au.mongodb.net:27017, type=UNKNOWN, state=CONNECTING}, {address=ac-qu7hkgp-shard-00-00.scdg1au.mongodb.net:27017, type=UNKNOWN, state=CONNECTING}, {address=ac-qu7hkgp-shard-00-02.scdg1au.mongodb.net:27017, type=UNKNOWN, state=CONNECTING}]
16:36:58.453 [Test worker] INFO org.mongodb.driver.client - MongoClient with metadata {"driver": {"name": "mongo-java-driver|sync", "version": "4.9.0"}, "os": {"type": "Windows", "name": "Windows 11", "architecture": "amd64", "version": "10.0"}, "platform": "Java/JetBrains s.r.o./17.0.6+10-b829.5"} created with settings MongoClientSettings{readPreference=primary, writeConcern=WriteConcern{w=majority, wTimeout=null ms, journal=null}, retryWrites=true, retryReads=true, readConcern=ReadConcern{level=null}, credential=MongoCredential{mechanism=null, userName='bzhou26', source='admin', password=<hidden>, mechanismProperties=<hidden>}, streamFactoryFactory=null, commandListeners=[], codecRegistry=ProvidersCodecRegistry{codecProviders=[ValueCodecProvider{}, BsonValueCodecProvider{}, DBRefCodecProvider{}, DBObjectCodecProvider{}, DocumentCodecProvider{}, CollectionCodecProvider{}, IterableCodecProvider{}, MapCodecProvider{}, GeoJsonCodecProvider{}, GridFSFileCodecProvider{}, Jsr310CodecProvider{}, JsonObjectCodecProvider{}, BsonCodecProvider{}, EnumCodecProvider{}, com.mongodb.client.model.mql.ExpressionCodecProvider@5ebd56e9, com.mongodb.Jep395RecordCodecProvider@63f34b70]}, loggerSettings=LoggerSettings{maxDocumentLength=1000}, clusterSettings={hosts=[127.0.0.1:27017], srvHost=cluster0.scdg1au.mongodb.net, srvServiceName=mongodb, mode=MULTIPLE, requiredClusterType=REPLICA_SET, requiredReplicaSetName='atlas-7kbelq-shard-0', serverSelector='null', clusterListeners='[]', serverSelectionTimeout='30000 ms', localThreshold='30000 ms'}, socketSettings=SocketSettings{connectTimeoutMS=10000, readTimeoutMS=0, receiveBufferSize=0, sendBufferSize=0}, heartbeatSocketSettings=SocketSettings{connectTimeoutMS=10000, readTimeoutMS=10000, receiveBufferSize=0, sendBufferSize=0}, connectionPoolSettings=ConnectionPoolSettings{maxSize=100, minSize=0, maxWaitTimeMS=120000, maxConnectionLifeTimeMS=0, maxConnectionIdleTimeMS=0, maintenanceInitialDelayMS=0, maintenanceFrequencyMS=60000, connectionPoolListeners=[], maxConnecting=2}, serverSettings=ServerSettings{heartbeatFrequencyMS=10000, minHeartbeatFrequencyMS=500, serverListeners='[]', serverMonitorListeners='[]'}, sslSettings=SslSettings{enabled=true, invalidHostNameAllowed=false, context=null}, applicationName='null', compressorList=[], uuidRepresentation=UNSPECIFIED, serverApi=ServerApi{version=V1, deprecationErrors=null, strict=null}, autoEncryptionSettings=null, contextProvider=null}
16:36:58.457 [cluster-ClusterId{value='642a119a0a7e4c6422f25ae4', description='null'}-srv-cluster0.scdg1au.mongodb.net] INFO org.mongodb.driver.cluster - Adding discovered server ac-qu7hkgp-shard-00-00.scdg1au.mongodb.net:27017 to client view of cluster
16:36:58.458 [cluster-ClusterId{value='642a119a0a7e4c6422f25ae4', description='null'}-srv-cluster0.scdg1au.mongodb.net] INFO org.mongodb.driver.cluster - Adding discovered server ac-qu7hkgp-shard-00-01.scdg1au.mongodb.net:27017 to client view of cluster
16:36:58.459 [cluster-ClusterId{value='642a119a0a7e4c6422f25ae4', description='null'}-srv-cluster0.scdg1au.mongodb.net] INFO org.mongodb.driver.cluster - Adding discovered server ac-qu7hkgp-shard-00-02.scdg1au.mongodb.net:27017 to client view of cluster
16:36:58.460 [cluster-ClusterId{value='642a119a0a7e4c6422f25ae4', description='null'}-srv-cluster0.scdg1au.mongodb.net] DEBUG org.mongodb.driver.cluster - Updating cluster description to  {type=REPLICA_SET, servers=[{address=ac-qu7hkgp-shard-00-01.scdg1au.mongodb.net:27017, type=UNKNOWN, state=CONNECTING}, {address=ac-qu7hkgp-shard-00-00.scdg1au.mongodb.net:27017, type=UNKNOWN, state=CONNECTING}, {address=ac-qu7hkgp-shard-00-02.scdg1au.mongodb.net:27017, type=UNKNOWN, state=CONNECTING}]
16:36:59.052 [cluster-ClusterId{value='642a119a0a7e4c6422f25ae3', description='null'}-ac-qu7hkgp-shard-00-00.scdg1au.mongodb.net:27017] DEBUG org.mongodb.driver.connection - Opened connection [connectionId{localValue:1, serverValue:266434}] to ac-qu7hkgp-shard-00-00.scdg1au.mongodb.net:27017
16:36:59.052 [cluster-rtt-ClusterId{value='642a119a0a7e4c6422f25ae3', description='null'}-ac-qu7hkgp-shard-00-00.scdg1au.mongodb.net:27017] DEBUG org.mongodb.driver.connection - Opened connection [connectionId{localValue:2, serverValue:266434}] to ac-qu7hkgp-shard-00-00.scdg1au.mongodb.net:27017
16:36:59.052 [cluster-rtt-ClusterId{value='642a119a0a7e4c6422f25ae3', description='null'}-ac-qu7hkgp-shard-00-02.scdg1au.mongodb.net:27017] DEBUG org.mongodb.driver.connection - Opened connection [connectionId{localValue:4, serverValue:261054}] to ac-qu7hkgp-shard-00-02.scdg1au.mongodb.net:27017
16:36:59.052 [cluster-ClusterId{value='642a119a0a7e4c6422f25ae4', description='null'}-ac-qu7hkgp-shard-00-00.scdg1au.mongodb.net:27017] DEBUG org.mongodb.driver.connection - Opened connection [connectionId{localValue:8, serverValue:266436}] to ac-qu7hkgp-shard-00-00.scdg1au.mongodb.net:27017
16:36:59.052 [cluster-ClusterId{value='642a119a0a7e4c6422f25ae4', description='null'}-ac-qu7hkgp-shard-00-01.scdg1au.mongodb.net:27017] DEBUG org.mongodb.driver.connection - Opened connection [connectionId{localValue:9, serverValue:305206}] to ac-qu7hkgp-shard-00-01.scdg1au.mongodb.net:27017
16:36:59.052 [cluster-rtt-ClusterId{value='642a119a0a7e4c6422f25ae4', description='null'}-ac-qu7hkgp-shard-00-01.scdg1au.mongodb.net:27017] DEBUG org.mongodb.driver.connection - Opened connection [connectionId{localValue:10, serverValue:305177}] to ac-qu7hkgp-shard-00-01.scdg1au.mongodb.net:27017
16:36:59.052 [cluster-rtt-ClusterId{value='642a119a0a7e4c6422f25ae4', description='null'}-ac-qu7hkgp-shard-00-00.scdg1au.mongodb.net:27017] DEBUG org.mongodb.driver.connection - Opened connection [connectionId{localValue:7, serverValue:266434}] to ac-qu7hkgp-shard-00-00.scdg1au.mongodb.net:27017
16:36:59.052 [cluster-ClusterId{value='642a119a0a7e4c6422f25ae4', description='null'}-ac-qu7hkgp-shard-00-02.scdg1au.mongodb.net:27017] DEBUG org.mongodb.driver.connection - Opened connection [connectionId{localValue:11, serverValue:261053}] to ac-qu7hkgp-shard-00-02.scdg1au.mongodb.net:27017
16:36:59.052 [cluster-rtt-ClusterId{value='642a119a0a7e4c6422f25ae3', description='null'}-ac-qu7hkgp-shard-00-01.scdg1au.mongodb.net:27017] DEBUG org.mongodb.driver.connection - Opened connection [connectionId{localValue:3, serverValue:305123}] to ac-qu7hkgp-shard-00-01.scdg1au.mongodb.net:27017
16:36:59.052 [cluster-ClusterId{value='642a119a0a7e4c6422f25ae3', description='null'}-ac-qu7hkgp-shard-00-01.scdg1au.mongodb.net:27017] DEBUG org.mongodb.driver.connection - Opened connection [connectionId{localValue:6, serverValue:305150}] to ac-qu7hkgp-shard-00-01.scdg1au.mongodb.net:27017
16:36:59.052 [cluster-ClusterId{value='642a119a0a7e4c6422f25ae3', description='null'}-ac-qu7hkgp-shard-00-02.scdg1au.mongodb.net:27017] DEBUG org.mongodb.driver.connection - Opened connection [connectionId{localValue:5, serverValue:261054}] to ac-qu7hkgp-shard-00-02.scdg1au.mongodb.net:27017
16:36:59.052 [cluster-rtt-ClusterId{value='642a119a0a7e4c6422f25ae4', description='null'}-ac-qu7hkgp-shard-00-02.scdg1au.mongodb.net:27017] DEBUG org.mongodb.driver.connection - Opened connection [connectionId{localValue:12, serverValue:261053}] to ac-qu7hkgp-shard-00-02.scdg1au.mongodb.net:27017
16:36:59.068 [cluster-ClusterId{value='642a119a0a7e4c6422f25ae3', description='null'}-ac-qu7hkgp-shard-00-00.scdg1au.mongodb.net:27017] INFO org.mongodb.driver.cluster - Monitor thread successfully connected to server with description ServerDescription{address=ac-qu7hkgp-shard-00-00.scdg1au.mongodb.net:27017, type=REPLICA_SET_SECONDARY, state=CONNECTED, ok=true, minWireVersion=0, maxWireVersion=13, maxDocumentSize=16777216, logicalSessionTimeoutMinutes=30, roundTripTimeNanos=370617900, setName='atlas-7kbelq-shard-0', canonicalAddress=ac-qu7hkgp-shard-00-00.scdg1au.mongodb.net:27017, hosts=[ac-qu7hkgp-shard-00-00.scdg1au.mongodb.net:27017, ac-qu7hkgp-shard-00-01.scdg1au.mongodb.net:27017, ac-qu7hkgp-shard-00-02.scdg1au.mongodb.net:27017], passives=[], arbiters=[], primary='ac-qu7hkgp-shard-00-01.scdg1au.mongodb.net:27017', tagSet=TagSet{[Tag{name='nodeType', value='ELECTABLE'}, Tag{name='provider', value='AWS'}, Tag{name='region', value='US_EAST_1'}, Tag{name='workloadType', value='OPERATIONAL'}]}, electionId=null, setVersion=11, topologyVersion=TopologyVersion{processId=64231e25505245911a25ae9d, counter=4}, lastWriteDate=Sun Apr 02 16:36:59 PDT 2023, lastUpdateTimeNanos=277715476349900}
16:36:59.068 [cluster-ClusterId{value='642a119a0a7e4c6422f25ae4', description='null'}-ac-qu7hkgp-shard-00-00.scdg1au.mongodb.net:27017] INFO org.mongodb.driver.cluster - Monitor thread successfully connected to server with description ServerDescription{address=ac-qu7hkgp-shard-00-00.scdg1au.mongodb.net:27017, type=REPLICA_SET_SECONDARY, state=CONNECTED, ok=true, minWireVersion=0, maxWireVersion=13, maxDocumentSize=16777216, logicalSessionTimeoutMinutes=30, roundTripTimeNanos=370536300, setName='atlas-7kbelq-shard-0', canonicalAddress=ac-qu7hkgp-shard-00-00.scdg1au.mongodb.net:27017, hosts=[ac-qu7hkgp-shard-00-00.scdg1au.mongodb.net:27017, ac-qu7hkgp-shard-00-01.scdg1au.mongodb.net:27017, ac-qu7hkgp-shard-00-02.scdg1au.mongodb.net:27017], passives=[], arbiters=[], primary='ac-qu7hkgp-shard-00-01.scdg1au.mongodb.net:27017', tagSet=TagSet{[Tag{name='nodeType', value='ELECTABLE'}, Tag{name='provider', value='AWS'}, Tag{name='region', value='US_EAST_1'}, Tag{name='workloadType', value='OPERATIONAL'}]}, electionId=null, setVersion=11, topologyVersion=TopologyVersion{processId=64231e25505245911a25ae9d, counter=4}, lastWriteDate=Sun Apr 02 16:36:59 PDT 2023, lastUpdateTimeNanos=277715476258700}
16:36:59.068 [cluster-ClusterId{value='642a119a0a7e4c6422f25ae3', description='null'}-ac-qu7hkgp-shard-00-02.scdg1au.mongodb.net:27017] INFO org.mongodb.driver.cluster - Monitor thread successfully connected to server with description ServerDescription{address=ac-qu7hkgp-shard-00-02.scdg1au.mongodb.net:27017, type=REPLICA_SET_SECONDARY, state=CONNECTED, ok=true, minWireVersion=0, maxWireVersion=13, maxDocumentSize=16777216, logicalSessionTimeoutMinutes=30, roundTripTimeNanos=370197899, setName='atlas-7kbelq-shard-0', canonicalAddress=ac-qu7hkgp-shard-00-02.scdg1au.mongodb.net:27017, hosts=[ac-qu7hkgp-shard-00-00.scdg1au.mongodb.net:27017, ac-qu7hkgp-shard-00-01.scdg1au.mongodb.net:27017, ac-qu7hkgp-shard-00-02.scdg1au.mongodb.net:27017], passives=[], arbiters=[], primary='ac-qu7hkgp-shard-00-01.scdg1au.mongodb.net:27017', tagSet=TagSet{[Tag{name='nodeType', value='ELECTABLE'}, Tag{name='provider', value='AWS'}, Tag{name='region', value='US_EAST_1'}, Tag{name='workloadType', value='OPERATIONAL'}]}, electionId=null, setVersion=11, topologyVersion=TopologyVersion{processId=64232065dd9207a08917eb4f, counter=3}, lastWriteDate=Sun Apr 02 16:36:59 PDT 2023, lastUpdateTimeNanos=277715476230099}
16:36:59.068 [cluster-ClusterId{value='642a119a0a7e4c6422f25ae4', description='null'}-ac-qu7hkgp-shard-00-02.scdg1au.mongodb.net:27017] INFO org.mongodb.driver.cluster - Monitor thread successfully connected to server with description ServerDescription{address=ac-qu7hkgp-shard-00-02.scdg1au.mongodb.net:27017, type=REPLICA_SET_SECONDARY, state=CONNECTED, ok=true, minWireVersion=0, maxWireVersion=13, maxDocumentSize=16777216, logicalSessionTimeoutMinutes=30, roundTripTimeNanos=370256300, setName='atlas-7kbelq-shard-0', canonicalAddress=ac-qu7hkgp-shard-00-02.scdg1au.mongodb.net:27017, hosts=[ac-qu7hkgp-shard-00-00.scdg1au.mongodb.net:27017, ac-qu7hkgp-shard-00-01.scdg1au.mongodb.net:27017, ac-qu7hkgp-shard-00-02.scdg1au.mongodb.net:27017], passives=[], arbiters=[], primary='ac-qu7hkgp-shard-00-01.scdg1au.mongodb.net:27017', tagSet=TagSet{[Tag{name='nodeType', value='ELECTABLE'}, Tag{name='provider', value='AWS'}, Tag{name='region', value='US_EAST_1'}, Tag{name='workloadType', value='OPERATIONAL'}]}, electionId=null, setVersion=11, topologyVersion=TopologyVersion{processId=64232065dd9207a08917eb4f, counter=3}, lastWriteDate=Sun Apr 02 16:36:59 PDT 2023, lastUpdateTimeNanos=277715476283300}
16:36:59.068 [cluster-ClusterId{value='642a119a0a7e4c6422f25ae3', description='null'}-ac-qu7hkgp-shard-00-01.scdg1au.mongodb.net:27017] INFO org.mongodb.driver.cluster - Monitor thread successfully connected to server with description ServerDescription{address=ac-qu7hkgp-shard-00-01.scdg1au.mongodb.net:27017, type=REPLICA_SET_PRIMARY, state=CONNECTED, ok=true, minWireVersion=0, maxWireVersion=13, maxDocumentSize=16777216, logicalSessionTimeoutMinutes=30, roundTripTimeNanos=370508899, setName='atlas-7kbelq-shard-0', canonicalAddress=ac-qu7hkgp-shard-00-01.scdg1au.mongodb.net:27017, hosts=[ac-qu7hkgp-shard-00-00.scdg1au.mongodb.net:27017, ac-qu7hkgp-shard-00-01.scdg1au.mongodb.net:27017, ac-qu7hkgp-shard-00-02.scdg1au.mongodb.net:27017], passives=[], arbiters=[], primary='ac-qu7hkgp-shard-00-01.scdg1au.mongodb.net:27017', tagSet=TagSet{[Tag{name='nodeType', value='ELECTABLE'}, Tag{name='provider', value='AWS'}, Tag{name='region', value='US_EAST_1'}, Tag{name='workloadType', value='OPERATIONAL'}]}, electionId=7fffffff000000000000021d, setVersion=11, topologyVersion=TopologyVersion{processId=64231f657984651492c96bb4, counter=6}, lastWriteDate=Sun Apr 02 16:36:59 PDT 2023, lastUpdateTimeNanos=277715476230099}
16:36:59.068 [cluster-ClusterId{value='642a119a0a7e4c6422f25ae4', description='null'}-ac-qu7hkgp-shard-00-01.scdg1au.mongodb.net:27017] INFO org.mongodb.driver.cluster - Monitor thread successfully connected to server with description ServerDescription{address=ac-qu7hkgp-shard-00-01.scdg1au.mongodb.net:27017, type=REPLICA_SET_PRIMARY, state=CONNECTED, ok=true, minWireVersion=0, maxWireVersion=13, maxDocumentSize=16777216, logicalSessionTimeoutMinutes=30, roundTripTimeNanos=370343000, setName='atlas-7kbelq-shard-0', canonicalAddress=ac-qu7hkgp-shard-00-01.scdg1au.mongodb.net:27017, hosts=[ac-qu7hkgp-shard-00-00.scdg1au.mongodb.net:27017, ac-qu7hkgp-shard-00-01.scdg1au.mongodb.net:27017, ac-qu7hkgp-shard-00-02.scdg1au.mongodb.net:27017], passives=[], arbiters=[], primary='ac-qu7hkgp-shard-00-01.scdg1au.mongodb.net:27017', tagSet=TagSet{[Tag{name='nodeType', value='ELECTABLE'}, Tag{name='provider', value='AWS'}, Tag{name='region', value='US_EAST_1'}, Tag{name='workloadType', value='OPERATIONAL'}]}, electionId=7fffffff000000000000021d, setVersion=11, topologyVersion=TopologyVersion{processId=64231f657984651492c96bb4, counter=6}, lastWriteDate=Sun Apr 02 16:36:59 PDT 2023, lastUpdateTimeNanos=277715476363700}
16:36:59.070 [cluster-ClusterId{value='642a119a0a7e4c6422f25ae3', description='null'}-ac-qu7hkgp-shard-00-00.scdg1au.mongodb.net:27017] DEBUG org.mongodb.driver.connection - Marking the connection pool for ServerId{clusterId=ClusterId{value='642a119a0a7e4c6422f25ae3', description='null'}, address=ac-qu7hkgp-shard-00-00.scdg1au.mongodb.net:27017} as 'ready'
16:36:59.070 [cluster-ClusterId{value='642a119a0a7e4c6422f25ae4', description='null'}-ac-qu7hkgp-shard-00-02.scdg1au.mongodb.net:27017] DEBUG org.mongodb.driver.connection - Marking the connection pool for ServerId{clusterId=ClusterId{value='642a119a0a7e4c6422f25ae4', description='null'}, address=ac-qu7hkgp-shard-00-02.scdg1au.mongodb.net:27017} as 'ready'
16:36:59.071 [MaintenanceTimer-7-thread-1] DEBUG org.mongodb.driver.connection - Pruning pooled connections to ac-qu7hkgp-shard-00-02.scdg1au.mongodb.net:27017
16:36:59.071 [MaintenanceTimer-2-thread-1] DEBUG org.mongodb.driver.connection - Pruning pooled connections to ac-qu7hkgp-shard-00-00.scdg1au.mongodb.net:27017
16:36:59.074 [cluster-ClusterId{value='642a119a0a7e4c6422f25ae4', description='null'}-ac-qu7hkgp-shard-00-02.scdg1au.mongodb.net:27017] DEBUG org.mongodb.driver.cluster - Updating cluster description to  {type=REPLICA_SET, servers=[{address=ac-qu7hkgp-shard-00-01.scdg1au.mongodb.net:27017, type=UNKNOWN, state=CONNECTING}, {address=ac-qu7hkgp-shard-00-00.scdg1au.mongodb.net:27017, type=UNKNOWN, state=CONNECTING}, {address=ac-qu7hkgp-shard-00-02.scdg1au.mongodb.net:27017, type=REPLICA_SET_SECONDARY, TagSet{[Tag{name='nodeType', value='ELECTABLE'}, Tag{name='provider', value='AWS'}, Tag{name='region', value='US_EAST_1'}, Tag{name='workloadType', value='OPERATIONAL'}]}, roundTripTime=370.3 ms, state=CONNECTED}]
16:36:59.074 [cluster-ClusterId{value='642a119a0a7e4c6422f25ae3', description='null'}-ac-qu7hkgp-shard-00-00.scdg1au.mongodb.net:27017] DEBUG org.mongodb.driver.cluster - Updating cluster description to  {type=REPLICA_SET, servers=[{address=ac-qu7hkgp-shard-00-01.scdg1au.mongodb.net:27017, type=UNKNOWN, state=CONNECTING}, {address=ac-qu7hkgp-shard-00-00.scdg1au.mongodb.net:27017, type=REPLICA_SET_SECONDARY, TagSet{[Tag{name='nodeType', value='ELECTABLE'}, Tag{name='provider', value='AWS'}, Tag{name='region', value='US_EAST_1'}, Tag{name='workloadType', value='OPERATIONAL'}]}, roundTripTime=370.6 ms, state=CONNECTED}, {address=ac-qu7hkgp-shard-00-02.scdg1au.mongodb.net:27017, type=UNKNOWN, state=CONNECTING}]
16:36:59.074 [cluster-ClusterId{value='642a119a0a7e4c6422f25ae3', description='null'}-ac-qu7hkgp-shard-00-00.scdg1au.mongodb.net:27017] DEBUG org.mongodb.driver.cluster - Checking status of ac-qu7hkgp-shard-00-00.scdg1au.mongodb.net:27017
16:36:59.074 [cluster-ClusterId{value='642a119a0a7e4c6422f25ae4', description='null'}-ac-qu7hkgp-shard-00-02.scdg1au.mongodb.net:27017] DEBUG org.mongodb.driver.cluster - Checking status of ac-qu7hkgp-shard-00-02.scdg1au.mongodb.net:27017
16:36:59.074 [cluster-ClusterId{value='642a119a0a7e4c6422f25ae4', description='null'}-ac-qu7hkgp-shard-00-00.scdg1au.mongodb.net:27017] DEBUG org.mongodb.driver.connection - Marking the connection pool for ServerId{clusterId=ClusterId{value='642a119a0a7e4c6422f25ae4', description='null'}, address=ac-qu7hkgp-shard-00-00.scdg1au.mongodb.net:27017} as 'ready'
16:36:59.074 [cluster-ClusterId{value='642a119a0a7e4c6422f25ae3', description='null'}-ac-qu7hkgp-shard-00-02.scdg1au.mongodb.net:27017] DEBUG org.mongodb.driver.connection - Marking the connection pool for ServerId{clusterId=ClusterId{value='642a119a0a7e4c6422f25ae3', description='null'}, address=ac-qu7hkgp-shard-00-02.scdg1au.mongodb.net:27017} as 'ready'
16:36:59.074 [MaintenanceTimer-5-thread-1] DEBUG org.mongodb.driver.connection - Pruning pooled connections to ac-qu7hkgp-shard-00-00.scdg1au.mongodb.net:27017
16:36:59.074 [MaintenanceTimer-4-thread-1] DEBUG org.mongodb.driver.connection - Pruning pooled connections to ac-qu7hkgp-shard-00-02.scdg1au.mongodb.net:27017
16:36:59.074 [cluster-ClusterId{value='642a119a0a7e4c6422f25ae4', description='null'}-ac-qu7hkgp-shard-00-00.scdg1au.mongodb.net:27017] DEBUG org.mongodb.driver.cluster - Updating cluster description to  {type=REPLICA_SET, servers=[{address=ac-qu7hkgp-shard-00-01.scdg1au.mongodb.net:27017, type=UNKNOWN, state=CONNECTING}, {address=ac-qu7hkgp-shard-00-00.scdg1au.mongodb.net:27017, type=REPLICA_SET_SECONDARY, TagSet{[Tag{name='nodeType', value='ELECTABLE'}, Tag{name='provider', value='AWS'}, Tag{name='region', value='US_EAST_1'}, Tag{name='workloadType', value='OPERATIONAL'}]}, roundTripTime=370.5 ms, state=CONNECTED}, {address=ac-qu7hkgp-shard-00-02.scdg1au.mongodb.net:27017, type=REPLICA_SET_SECONDARY, TagSet{[Tag{name='nodeType', value='ELECTABLE'}, Tag{name='provider', value='AWS'}, Tag{name='region', value='US_EAST_1'}, Tag{name='workloadType', value='OPERATIONAL'}]}, roundTripTime=370.3 ms, state=CONNECTED}]
16:36:59.074 [cluster-ClusterId{value='642a119a0a7e4c6422f25ae3', description='null'}-ac-qu7hkgp-shard-00-02.scdg1au.mongodb.net:27017] DEBUG org.mongodb.driver.cluster - Updating cluster description to  {type=REPLICA_SET, servers=[{address=ac-qu7hkgp-shard-00-01.scdg1au.mongodb.net:27017, type=UNKNOWN, state=CONNECTING}, {address=ac-qu7hkgp-shard-00-00.scdg1au.mongodb.net:27017, type=REPLICA_SET_SECONDARY, TagSet{[Tag{name='nodeType', value='ELECTABLE'}, Tag{name='provider', value='AWS'}, Tag{name='region', value='US_EAST_1'}, Tag{name='workloadType', value='OPERATIONAL'}]}, roundTripTime=370.6 ms, state=CONNECTED}, {address=ac-qu7hkgp-shard-00-02.scdg1au.mongodb.net:27017, type=REPLICA_SET_SECONDARY, TagSet{[Tag{name='nodeType', value='ELECTABLE'}, Tag{name='provider', value='AWS'}, Tag{name='region', value='US_EAST_1'}, Tag{name='workloadType', value='OPERATIONAL'}]}, roundTripTime=370.2 ms, state=CONNECTED}]
16:36:59.075 [cluster-ClusterId{value='642a119a0a7e4c6422f25ae4', description='null'}-ac-qu7hkgp-shard-00-00.scdg1au.mongodb.net:27017] DEBUG org.mongodb.driver.cluster - Checking status of ac-qu7hkgp-shard-00-00.scdg1au.mongodb.net:27017
16:36:59.075 [cluster-ClusterId{value='642a119a0a7e4c6422f25ae3', description='null'}-ac-qu7hkgp-shard-00-02.scdg1au.mongodb.net:27017] DEBUG org.mongodb.driver.cluster - Checking status of ac-qu7hkgp-shard-00-02.scdg1au.mongodb.net:27017
16:36:59.075 [cluster-ClusterId{value='642a119a0a7e4c6422f25ae4', description='null'}-ac-qu7hkgp-shard-00-01.scdg1au.mongodb.net:27017] DEBUG org.mongodb.driver.connection - Marking the connection pool for ServerId{clusterId=ClusterId{value='642a119a0a7e4c6422f25ae4', description='null'}, address=ac-qu7hkgp-shard-00-01.scdg1au.mongodb.net:27017} as 'ready'
16:36:59.075 [cluster-ClusterId{value='642a119a0a7e4c6422f25ae3', description='null'}-ac-qu7hkgp-shard-00-01.scdg1au.mongodb.net:27017] DEBUG org.mongodb.driver.connection - Marking the connection pool for ServerId{clusterId=ClusterId{value='642a119a0a7e4c6422f25ae3', description='null'}, address=ac-qu7hkgp-shard-00-01.scdg1au.mongodb.net:27017} as 'ready'
16:36:59.075 [MaintenanceTimer-6-thread-1] DEBUG org.mongodb.driver.connection - Pruning pooled connections to ac-qu7hkgp-shard-00-01.scdg1au.mongodb.net:27017
16:36:59.075 [MaintenanceTimer-3-thread-1] DEBUG org.mongodb.driver.connection - Pruning pooled connections to ac-qu7hkgp-shard-00-01.scdg1au.mongodb.net:27017
16:36:59.075 [cluster-ClusterId{value='642a119a0a7e4c6422f25ae3', description='null'}-ac-qu7hkgp-shard-00-01.scdg1au.mongodb.net:27017] INFO org.mongodb.driver.cluster - Discovered replica set primary ac-qu7hkgp-shard-00-01.scdg1au.mongodb.net:27017 with max election id 7fffffff000000000000021d and max set version 11
16:36:59.075 [cluster-ClusterId{value='642a119a0a7e4c6422f25ae4', description='null'}-ac-qu7hkgp-shard-00-01.scdg1au.mongodb.net:27017] INFO org.mongodb.driver.cluster - Discovered replica set primary ac-qu7hkgp-shard-00-01.scdg1au.mongodb.net:27017 with max election id 7fffffff000000000000021d and max set version 11
16:36:59.076 [cluster-ClusterId{value='642a119a0a7e4c6422f25ae4', description='null'}-ac-qu7hkgp-shard-00-01.scdg1au.mongodb.net:27017] DEBUG org.mongodb.driver.cluster - Updating cluster description to  {type=REPLICA_SET, servers=[{address=ac-qu7hkgp-shard-00-01.scdg1au.mongodb.net:27017, type=REPLICA_SET_PRIMARY, TagSet{[Tag{name='nodeType', value='ELECTABLE'}, Tag{name='provider', value='AWS'}, Tag{name='region', value='US_EAST_1'}, Tag{name='workloadType', value='OPERATIONAL'}]}, roundTripTime=370.3 ms, state=CONNECTED}, {address=ac-qu7hkgp-shard-00-00.scdg1au.mongodb.net:27017, type=REPLICA_SET_SECONDARY, TagSet{[Tag{name='nodeType', value='ELECTABLE'}, Tag{name='provider', value='AWS'}, Tag{name='region', value='US_EAST_1'}, Tag{name='workloadType', value='OPERATIONAL'}]}, roundTripTime=370.5 ms, state=CONNECTED}, {address=ac-qu7hkgp-shard-00-02.scdg1au.mongodb.net:27017, type=REPLICA_SET_SECONDARY, TagSet{[Tag{name='nodeType', value='ELECTABLE'}, Tag{name='provider', value='AWS'}, Tag{name='region', value='US_EAST_1'}, Tag{name='workloadType', value='OPERATIONAL'}]}, roundTripTime=370.3 ms, state=CONNECTED}]
16:36:59.076 [cluster-ClusterId{value='642a119a0a7e4c6422f25ae3', description='null'}-ac-qu7hkgp-shard-00-01.scdg1au.mongodb.net:27017] DEBUG org.mongodb.driver.cluster - Updating cluster description to  {type=REPLICA_SET, servers=[{address=ac-qu7hkgp-shard-00-01.scdg1au.mongodb.net:27017, type=REPLICA_SET_PRIMARY, TagSet{[Tag{name='nodeType', value='ELECTABLE'}, Tag{name='provider', value='AWS'}, Tag{name='region', value='US_EAST_1'}, Tag{name='workloadType', value='OPERATIONAL'}]}, roundTripTime=370.5 ms, state=CONNECTED}, {address=ac-qu7hkgp-shard-00-00.scdg1au.mongodb.net:27017, type=REPLICA_SET_SECONDARY, TagSet{[Tag{name='nodeType', value='ELECTABLE'}, Tag{name='provider', value='AWS'}, Tag{name='region', value='US_EAST_1'}, Tag{name='workloadType', value='OPERATIONAL'}]}, roundTripTime=370.6 ms, state=CONNECTED}, {address=ac-qu7hkgp-shard-00-02.scdg1au.mongodb.net:27017, type=REPLICA_SET_SECONDARY, TagSet{[Tag{name='nodeType', value='ELECTABLE'}, Tag{name='provider', value='AWS'}, Tag{name='region', value='US_EAST_1'}, Tag{name='workloadType', value='OPERATIONAL'}]}, roundTripTime=370.2 ms, state=CONNECTED}]
16:36:59.076 [cluster-ClusterId{value='642a119a0a7e4c6422f25ae4', description='null'}-ac-qu7hkgp-shard-00-01.scdg1au.mongodb.net:27017] DEBUG org.mongodb.driver.cluster - Checking status of ac-qu7hkgp-shard-00-01.scdg1au.mongodb.net:27017
16:36:59.076 [cluster-ClusterId{value='642a119a0a7e4c6422f25ae3', description='null'}-ac-qu7hkgp-shard-00-01.scdg1au.mongodb.net:27017] DEBUG org.mongodb.driver.cluster - Checking status of ac-qu7hkgp-shard-00-01.scdg1au.mongodb.net:27017
]]></system-out>
  <system-err><![CDATA[]]></system-err>
</testsuite>
